{
  "RSpec": {
    "coverage": {
      "/home/sergio/workspace/shift-reservation/spec/controllers/information_controller_spec.rb": [
        null,
        1,
        null,
        1,
        1,
        1,
        1,
        1,
        null,
        null,
        null,
        1,
        1,
        1,
        1,
        null,
        null,
        null,
        1,
        1,
        1,
        1,
        null,
        null,
        null
      ],
      "/home/sergio/workspace/shift-reservation/spec/rails_helper.rb": [
        null,
        null,
        1,
        1,
        null,
        1,
        1,
        1,
        null,
        null,
        null,
        null,
        null,
        null,
        null,
        null,
        null,
        null,
        null,
        null,
        null,
        null,
        null,
        null,
        null,
        null,
        null,
        1,
        null,
        1,
        null,
        1,
        null,
        null,
        null,
        null,
        1,
        null,
        null,
        null,
        null,
        null,
        null,
        null,
        null,
        null,
        null,
        null,
        null,
        null,
        null,
        1,
        null,
        null,
        1,
        null,
        null,
        null
      ],
      "/home/sergio/workspace/shift-reservation/config/environment.rb": [
        null,
        null,
        1,
        null,
        null,
        1
      ],
      "/home/sergio/workspace/shift-reservation/config/application.rb": [
        null,
        1,
        null,
        1,
        null,
        null,
        null,
        1,
        null,
        1,
        1,
        null,
        null,
        null,
        1,
        1,
        1,
        1,
        1,
        null,
        null
      ],
      "/home/sergio/workspace/shift-reservation/config/boot.rb": [
        null,
        1,
        null,
        1
      ],
      "/home/sergio/workspace/shift-reservation/config/environments/test.rb": [
        1,
        null,
        null,
        null,
        null,
        null,
        null,
        1,
        null,
        null,
        null,
        null,
        1,
        null,
        null,
        1,
        1,
        null,
        null,
        null,
        null,
        1,
        1,
        null,
        null,
        1,
        null,
        null,
        1,
        1,
        null,
        null,
        null,
        null,
        1,
        null,
        null,
        1,
        null,
        null,
        1,
        null
      ],
      "/home/sergio/workspace/shift-reservation/config/initializers/application_controller_renderer.rb": [
        null,
        null,
        null,
        null,
        null,
        null
      ],
      "/home/sergio/workspace/shift-reservation/config/initializers/assets.rb": [
        null,
        null,
        null,
        1,
        null,
        null,
        null,
        null,
        null,
        null,
        null,
        1
      ],
      "/home/sergio/workspace/shift-reservation/config/initializers/backtrace_silencers.rb": [
        null,
        null,
        null,
        null,
        null,
        null,
        null
      ],
      "/home/sergio/workspace/shift-reservation/config/initializers/cookies_serializer.rb": [
        null,
        null,
        null,
        null,
        1
      ],
      "/home/sergio/workspace/shift-reservation/config/initializers/filter_parameter_logging.rb": [
        null,
        null,
        null,
        1
      ],
      "/home/sergio/workspace/shift-reservation/config/initializers/inflections.rb": [
        null,
        null,
        null,
        null,
        null,
        null,
        null,
        null,
        null,
        null,
        null,
        null,
        null,
        null,
        null,
        null
      ],
      "/home/sergio/workspace/shift-reservation/config/initializers/mime_types.rb": [
        null,
        null,
        null,
        null
      ],
      "/home/sergio/workspace/shift-reservation/config/initializers/new_framework_defaults.rb": [
        null,
        null,
        null,
        null,
        null,
        null,
        null,
        1,
        null,
        null,
        1,
        null,
        null,
        null,
        1,
        null,
        null,
        1,
        null,
        null,
        1,
        null,
        null,
        1
      ],
      "/home/sergio/workspace/shift-reservation/config/initializers/session_store.rb": [
        null,
        null,
        1
      ],
      "/home/sergio/workspace/shift-reservation/config/initializers/wrap_parameters.rb": [
        null,
        null,
        null,
        null,
        null,
        null,
        1,
        2,
        null,
        null,
        null,
        null,
        null,
        null
      ],
      "/home/sergio/workspace/shift-reservation/spec/factories/myconfigs.rb": [
        1,
        1,
        1,
        1,
        null,
        null
      ],
      "/home/sergio/workspace/shift-reservation/spec/factories/rooms.rb": [
        1,
        1,
        28,
        22,
        null,
        null
      ],
      "/home/sergio/workspace/shift-reservation/spec/factories/shifts.rb": [
        1,
        1,
        1,
        1,
        1,
        1,
        1,
        null,
        null
      ],
      "/home/sergio/workspace/shift-reservation/config/routes.rb": [
        1,
        1,
        1,
        1,
        null,
        1,
        null,
        null,
        1,
        1,
        1,
        null,
        1,
        null,
        1,
        1,
        1,
        1,
        null,
        1,
        null,
        1,
        null,
        null,
        null
      ],
      "/home/sergio/workspace/shift-reservation/app/helpers/application_helper.rb": [
        null,
        null,
        null,
        null,
        1,
        1,
        9,
        9,
        1,
        null,
        8,
        null,
        null,
        null,
        1,
        8,
        3,
        2,
        2,
        1,
        null,
        null,
        null,
        1,
        9,
        3,
        1,
        2,
        1,
        2,
        null,
        null,
        null,
        1,
        8,
        null,
        8,
        8,
        8,
        56,
        null,
        8,
        null,
        null
      ],
      "/home/sergio/workspace/shift-reservation/app/helpers/dashboard_helper.rb": [
        1,
        null
      ],
      "/home/sergio/workspace/shift-reservation/app/helpers/information_helper.rb": [
        null,
        1,
        null
      ],
      "/home/sergio/workspace/shift-reservation/app/helpers/myconfig_helper.rb": [
        1,
        null
      ],
      "/home/sergio/workspace/shift-reservation/app/helpers/rooms_helper.rb": [
        1,
        null
      ],
      "/home/sergio/workspace/shift-reservation/app/helpers/shifts_helper.rb": [
        1,
        null
      ],
      "/home/sergio/workspace/shift-reservation/app/controllers/information_controller.rb": [
        null,
        1,
        1,
        null,
        null,
        1,
        null,
        null,
        1,
        null,
        null
      ],
      "/home/sergio/workspace/shift-reservation/app/controllers/application_controller.rb": [
        null,
        1,
        1,
        null
      ],
      "/home/sergio/workspace/shift-reservation/spec/helpers/application_helper_spec.rb": [
        null,
        1,
        null,
        null,
        null,
        null,
        null,
        null,
        null,
        null,
        null,
        null,
        null,
        1,
        1,
        1,
        1,
        null,
        1,
        1,
        null,
        null,
        1,
        1,
        null,
        null,
        null,
        1,
        1,
        1,
        null,
        null,
        1,
        1,
        2,
        null,
        null,
        null,
        1,
        1,
        2,
        null,
        null,
        null,
        1,
        1,
        2,
        null,
        null,
        null,
        1,
        1,
        null,
        null,
        null,
        1,
        1,
        1,
        null,
        null,
        1,
        1,
        2,
        null,
        null,
        null,
        1,
        1,
        1,
        null,
        null,
        null,
        1,
        1,
        2,
        null,
        null,
        null,
        1,
        1,
        null,
        null,
        1,
        1,
        2,
        null,
        null,
        null,
        null
      ],
      "/home/sergio/workspace/shift-reservation/spec/helpers/dashboard_helper_spec.rb": [
        1,
        null,
        null,
        null,
        null,
        null,
        null,
        null,
        null,
        null,
        null,
        null,
        1,
        1,
        null
      ],
      "/home/sergio/workspace/shift-reservation/spec/helpers/rooms_helper_spec.rb": [
        1,
        null,
        null,
        null,
        null,
        null,
        null,
        null,
        null,
        null,
        null,
        null,
        1,
        null
      ],
      "/home/sergio/workspace/shift-reservation/spec/helpers/shifts_helper_spec.rb": [
        1,
        null,
        null,
        null,
        null,
        null,
        null,
        null,
        null,
        null,
        null,
        null,
        1,
        null
      ],
      "/home/sergio/workspace/shift-reservation/spec/models/myconfig_spec.rb": [
        1,
        null,
        1,
        1,
        1,
        1,
        1,
        null,
        1,
        1,
        1,
        null,
        1,
        1,
        1,
        null,
        1,
        1,
        1,
        null,
        1,
        1,
        1,
        1,
        1,
        1,
        null,
        null,
        null
      ],
      "/home/sergio/workspace/shift-reservation/app/models/myconfig.rb": [
        1,
        1,
        1,
        21,
        21,
        21,
        null,
        null,
        1,
        3,
        null,
        null,
        1,
        3,
        null,
        null,
        1,
        9,
        null,
        null,
        1,
        3,
        3,
        null,
        null
      ],
      "/home/sergio/workspace/shift-reservation/app/models/application_record.rb": [
        null,
        1,
        1,
        null
      ],
      "/home/sergio/workspace/shift-reservation/spec/models/room_spec.rb": [
        1,
        null,
        1,
        4,
        1,
        1,
        null,
        null,
        1,
        1,
        1,
        1,
        null,
        null,
        1,
        1,
        1,
        1,
        1,
        1,
        1,
        null,
        null
      ],
      "/home/sergio/workspace/shift-reservation/app/models/room.rb": [
        null,
        null,
        null,
        1,
        1,
        1,
        1,
        null
      ],
      "/home/sergio/workspace/shift-reservation/spec/models/shift_spec.rb": [
        1,
        null,
        1,
        12,
        1,
        1,
        1,
        null,
        null,
        1,
        1,
        1,
        1,
        1,
        null,
        1,
        1,
        1,
        1,
        1,
        null,
        null,
        1,
        1,
        1,
        1,
        1,
        null,
        null,
        1,
        1,
        1,
        1,
        1,
        null,
        null,
        1,
        1,
        1,
        1,
        1,
        null,
        null,
        1,
        1,
        1,
        1,
        null,
        null,
        1,
        1,
        1,
        1,
        null,
        null,
        1,
        1,
        1,
        1,
        1,
        1,
        1,
        1,
        null,
        null,
        1,
        1,
        1,
        1,
        1,
        1,
        1,
        1,
        null,
        null,
        1,
        1,
        1,
        1,
        null,
        null,
        1,
        1,
        1,
        1,
        1,
        1,
        null,
        1,
        4,
        4,
        4,
        4,
        4,
        1,
        1,
        null,
        1,
        1,
        null,
        1,
        2,
        null,
        null,
        1,
        null
      ],
      "/home/sergio/workspace/shift-reservation/app/models/shift.rb": [
        null,
        1,
        1,
        1,
        1,
        1,
        null,
        1,
        1,
        1,
        1,
        1,
        null,
        40,
        null,
        null,
        1,
        1,
        null,
        40,
        null,
        null,
        1,
        47,
        null,
        null,
        1,
        46,
        null,
        null,
        1,
        1,
        null,
        null,
        1,
        2,
        2,
        3,
        null,
        2,
        null,
        null,
        1,
        3,
        3,
        3,
        null,
        3,
        null,
        null
      ],
      "/home/sergio/workspace/shift-reservation/spec/requests/information_spec.rb": [
        1,
        null,
        1,
        1,
        1,
        1,
        1,
        null,
        1,
        1,
        1,
        null,
        1,
        1,
        1,
        null,
        null,
        null
      ],
      "/home/sergio/workspace/shift-reservation/spec/requests/myconfigs_spec.rb": [
        1,
        null,
        1,
        1,
        1,
        1,
        1,
        null,
        null,
        1,
        1,
        1,
        null,
        null,
        1,
        1,
        1,
        1,
        null,
        null,
        null
      ],
      "/home/sergio/workspace/shift-reservation/spec/requests/rooms_spec.rb": [
        1,
        null,
        1,
        1,
        4,
        1,
        1,
        1,
        null,
        1,
        1,
        1,
        null,
        1,
        1,
        1,
        1,
        null,
        null,
        null
      ],
      "/home/sergio/workspace/shift-reservation/spec/requests/shifts_spec.rb": [
        1,
        null,
        1,
        1,
        4,
        4,
        null,
        1,
        1,
        1,
        null,
        null,
        1,
        1,
        2,
        null,
        null,
        1,
        1,
        null,
        null,
        1,
        1,
        null,
        null
      ],
      "/home/sergio/workspace/shift-reservation/app/controllers/myconfig_controller.rb": [
        1,
        1,
        2,
        2,
        null,
        0,
        0,
        null,
        null,
        null,
        1,
        1,
        1,
        null,
        0,
        0,
        null,
        null,
        null,
        1,
        1,
        1,
        null,
        0,
        0,
        null,
        null,
        null
      ],
      "/home/sergio/workspace/shift-reservation/app/controllers/rooms_controller.rb": [
        1,
        1,
        1,
        1,
        null,
        null,
        1,
        0,
        null,
        null,
        1,
        0,
        null,
        null,
        1,
        0,
        0,
        0,
        0,
        null,
        0,
        0,
        null,
        null,
        null,
        1,
        1,
        null,
        null,
        1,
        0,
        0,
        0,
        0,
        null,
        0,
        0,
        null,
        null,
        null,
        1,
        0,
        0,
        0,
        null,
        0,
        null,
        0,
        null,
        null,
        1,
        1,
        1,
        null,
        null,
        1,
        null,
        1,
        0,
        null,
        null
      ],
      "/home/sergio/workspace/shift-reservation/app/controllers/dashboard_controller.rb": [
        1,
        1,
        1,
        1,
        1,
        1,
        1,
        null,
        null
      ],
      "/home/sergio/workspace/shift-reservation/app/controllers/shifts_controller.rb": [
        1,
        1,
        1,
        1,
        0,
        null,
        null,
        null,
        1,
        0,
        0,
        null,
        null,
        1,
        0,
        0,
        0,
        0,
        0,
        null,
        0,
        0,
        null,
        null,
        null,
        1,
        0,
        0,
        null,
        null,
        1,
        0,
        0,
        0,
        0,
        0,
        null,
        0,
        0,
        null,
        null,
        null,
        1,
        0,
        0,
        0,
        null,
        0,
        null,
        0,
        null,
        null,
        1,
        1,
        1,
        null,
        null,
        1,
        null,
        1,
        0,
        null,
        null
      ]
    },
    "timestamp": 1473366346
  }
}
